gpuimage/build/outputs/logs/manifest-merger-release-report.txt
-- Merging decision tree log ---
manifest
ADDED from RelaVideo/gpuimage/AndroidManifest.xml:2:1-4:12
INJECTED from RelaVideo/gpuimage/AndroidManifest.xml:2:1-4:12
INJECTED from RelaVideo/gpuimage/AndroidManifest.xml:2:1-4:12
INJECTED from RelaVideo/gpuimage/AndroidManifest.xml:2:1-4:12
INJECTED from RelaVideo/gpuimage/AndroidManifest.xml:2:1-4:12
INJECTED from RelaVideo/gpuimage/AndroidManifest.xml:2:1-4:12
INJECTED from RelaVideo/gpuimage/AndroidManifest.xml:2:1-4:12
	package
		ADDED from RelaVideo/gpuimage/AndroidManifest.xml:3:5-48
		INJECTED from RelaVideo/gpuimage/AndroidManifest.xml
		INJECTED from RelaVideo/gpuimage/AndroidManifest.xml
	android:versionName
		INJECTED from RelaVideo/gpuimage/AndroidManifest.xml
		ADDED from RelaVideo/gpuimage/AndroidManifest.xml:2:1-4:12
		INJECTED from RelaVideo/gpuimage/AndroidManifest.xml
	xmlns:android
		ADDED from RelaVideo/gpuimage/AndroidManifest.xml:2:1-4:12
	android:versionCode
		INJECTED from RelaVideo/gpuimage/AndroidManifest.xml
		ADDED from RelaVideo/gpuimage/AndroidManifest.xml:2:1-4:12
		INJECTED from RelaVideo/gpuimage/AndroidManifest.xml
uses-sdk
INJECTED from RelaVideo/gpuimage/AndroidManifest.xml reason: use-sdk injection requested
INJECTED from RelaVideo/gpuimage/AndroidManifest.xml
INJECTED from RelaVideo/gpuimage/AndroidManifest.xml
INJECTED from RelaVideo/gpuimage/AndroidManifest.xml
INJECTED from RelaVideo/gpuimage/AndroidManifest.xml
	android:targetSdkVersion
		INJECTED from RelaVideo/gpuimage/AndroidManifest.xml
		ADDED from RelaVideo/gpuimage/AndroidManifest.xml
		INJECTED from RelaVideo/gpuimage/AndroidManifest.xml
	android:minSdkVersion
		INJECTED from RelaVideo/gpuimage/AndroidManifest.xml
		ADDED from RelaVideo/gpuimage/AndroidManifest.xml
		INJECTED from RelaVideo/gpuimage/AndroidManifest.xml